<?xml version="1.0" encoding="UTF-8"?>
<!-- Generated by org.testng.reporters.JUnitReportReporter -->
<testsuite hostname="Kalyans-MBP" failures="0" tests="2" name="NewTest" time="4.975" errors="0" timestamp="2021-12-23T18:53:13 CST" skipped="0">
  <testcase classname="NewTest" name="perform" time="0.177"/>
  <system-out/>
  <testcase classname="NewTest" name="perform2" time="4.798"/>
  <system-out/>
</testsuite> <!-- NewTest -->
